I, [2020-09-28T14:02:12.249190 #29854]  INFO -- : Started GET "/" for 127.0.0.1 at 2020-09-28 14:02:12 +0530
I, [2020-09-28T14:02:12.251251 #29854]  INFO -- : Processing by FreeRoamsController#index as HTML
I, [2020-09-28T14:02:12.254567 #29854]  INFO -- :   Rendering free_roams/index.html.erb within layouts/application
I, [2020-09-28T14:02:12.259241 #29854]  INFO -- :   Rendered free_roams/index.html.erb within layouts/application (4.0ms)
I, [2020-09-28T14:02:12.260394 #29854]  INFO -- : Completed 500 Internal Server Error in 9ms
F, [2020-09-28T14:02:12.265199 #29854] FATAL -- :   
F, [2020-09-28T14:02:12.265766 #29854] FATAL -- : ActionView::Template::Error (The asset "compass" is not present in the asset pipeline.
):
F, [2020-09-28T14:02:12.266484 #29854] FATAL -- :     1: <!-- Header start -->
    2: <h1 class='text-primary text-center pb-3'>Toy Simulator<span><%= image_tag 'compass', width: '80rem', height: '50rem' %></span></h1>
    3: 
    4: <!-- Header end -->
    5: 
F, [2020-09-28T14:02:12.266629 #29854] FATAL -- :   
F, [2020-09-28T14:02:12.266811 #29854] FATAL -- : app/views/free_roams/index.html.erb:2:in `_app_views_free_roams_index_html_erb__3367217592121613320_70198589723700'
I, [2020-09-28T14:02:39.645388 #29903]  INFO -- : Started GET "/" for 127.0.0.1 at 2020-09-28 14:02:39 +0530
I, [2020-09-28T14:02:39.647695 #29903]  INFO -- : Processing by FreeRoamsController#index as HTML
I, [2020-09-28T14:02:39.672805 #29903]  INFO -- :   Rendering free_roams/index.html.erb within layouts/application
I, [2020-09-28T14:02:39.679326 #29903]  INFO -- :   Rendered free_roams/index.html.erb within layouts/application (6.1ms)
I, [2020-09-28T14:02:39.679746 #29903]  INFO -- : Completed 500 Internal Server Error in 32ms
F, [2020-09-28T14:02:39.681590 #29903] FATAL -- :   
F, [2020-09-28T14:02:39.681694 #29903] FATAL -- : ActionView::Template::Error (The asset "compass" is not present in the asset pipeline.
):
F, [2020-09-28T14:02:39.682036 #29903] FATAL -- :     1: <!-- Header start -->
    2: <h1 class='text-primary text-center pb-3'>Toy Simulator<span><%= image_tag 'compass', width: '80rem', height: '50rem' %></span></h1>
    3: 
    4: <!-- Header end -->
    5: 
F, [2020-09-28T14:02:39.682111 #29903] FATAL -- :   
F, [2020-09-28T14:02:39.682171 #29903] FATAL -- : app/views/free_roams/index.html.erb:2:in `_app_views_free_roams_index_html_erb__4048390844719518574_69873380168880'
I, [2020-09-28T14:02:52.291472 #29903]  INFO -- : Started GET "/" for 127.0.0.1 at 2020-09-28 14:02:52 +0530
I, [2020-09-28T14:02:52.294751 #29903]  INFO -- : Processing by FreeRoamsController#index as HTML
I, [2020-09-28T14:02:52.298097 #29903]  INFO -- :   Rendering free_roams/index.html.erb within layouts/application
I, [2020-09-28T14:02:52.301715 #29903]  INFO -- :   Rendered free_roams/index.html.erb within layouts/application (3.1ms)
I, [2020-09-28T14:02:52.302440 #29903]  INFO -- : Completed 500 Internal Server Error in 7ms
F, [2020-09-28T14:02:52.307277 #29903] FATAL -- :   
F, [2020-09-28T14:02:52.307926 #29903] FATAL -- : ActionView::Template::Error (The asset "compass" is not present in the asset pipeline.
):
F, [2020-09-28T14:02:52.308999 #29903] FATAL -- :     1: <!-- Header start -->
    2: <h1 class='text-primary text-center pb-3'>Toy Simulator<span><%= image_tag 'compass', width: '80rem', height: '50rem' %></span></h1>
    3: 
    4: <!-- Header end -->
    5: 
F, [2020-09-28T14:02:52.309229 #29903] FATAL -- :   
F, [2020-09-28T14:02:52.309432 #29903] FATAL -- : app/views/free_roams/index.html.erb:2:in `_app_views_free_roams_index_html_erb__4048390844719518574_69873380168880'
I, [2020-09-28T14:02:59.371531 #29948]  INFO -- : Started GET "/" for 127.0.0.1 at 2020-09-28 14:02:59 +0530
I, [2020-09-28T14:02:59.376261 #29948]  INFO -- : Processing by FreeRoamsController#index as HTML
I, [2020-09-28T14:02:59.409141 #29948]  INFO -- :   Rendering free_roams/index.html.erb within layouts/application
I, [2020-09-28T14:02:59.831596 #29948]  INFO -- :   Rendered free_roams/index.html.erb within layouts/application (422.2ms)
I, [2020-09-28T14:02:59.832762 #29948]  INFO -- : Completed 200 OK in 456ms (Views: 429.4ms)
I, [2020-09-28T15:05:23.909268 #4965]  INFO -- : Started GET "/" for 127.0.0.1 at 2020-09-28 15:05:23 +0530
I, [2020-09-28T15:05:23.912084 #4965]  INFO -- : Processing by FreeRoamsController#index as HTML
I, [2020-09-28T15:05:23.943911 #4965]  INFO -- :   Rendering free_roams/index.html.erb within layouts/application
I, [2020-09-28T15:05:24.375124 #4965]  INFO -- :   Rendered free_roams/index.html.erb within layouts/application (431.0ms)
I, [2020-09-28T15:05:24.376306 #4965]  INFO -- : Completed 200 OK in 463ms (Views: 436.1ms)
D, [2020-10-30T20:37:19.779902 #4670] DEBUG -- :   [1m[35m (0.4ms)[0m  [1m[35mSET NAMES utf8,  @@SESSION.sql_mode = CONCAT(CONCAT(@@sql_mode, ',STRICT_ALL_TABLES'), ',NO_AUTO_VALUE_ON_ZERO'),  @@SESSION.sql_auto_is_null = 0, @@SESSION.wait_timeout = 2147483[0m
D, [2020-10-30T20:37:19.793876 #4670] DEBUG -- :   [1m[35m (0.4ms)[0m  [1m[35mCREATE DATABASE `toy_sim_prod` DEFAULT CHARACTER SET `utf8`[0m
I, [2020-10-30T20:37:36.732210 #4681]  INFO -- : Started GET "/" for 127.0.0.1 at 2020-10-30 20:37:36 +0530
I, [2020-10-30T20:37:36.735235 #4681]  INFO -- : Processing by FreeRoamsController#index as HTML
I, [2020-10-30T20:37:36.769963 #4681]  INFO -- :   Rendering free_roams/index.html.erb within layouts/application
I, [2020-10-30T20:37:37.298292 #4681]  INFO -- :   Rendered free_roams/index.html.erb within layouts/application (527.9ms)
I, [2020-10-30T20:37:37.299620 #4681]  INFO -- : Completed 200 OK in 564ms (Views: 533.2ms)
